2024-12-24T09:11:34.942Z error: uncaughtException: app.use() requires a middleware function
TypeError: app.use() requires a middleware function
    at Function.use (C:\Users\Avrora\Desktop\ITINFO\node_modules\express\lib\application.js:217:11)
    at Object.<anonymous> (C:\Users\Avrora\Desktop\ITINFO\app.js:42:5)
    at Module._compile (node:internal/modules/cjs/loader:1469:14)
    at Module._extensions..js (node:internal/modules/cjs/loader:1548:10)
    at Module.load (node:internal/modules/cjs/loader:1288:32)
    at Module._load (node:internal/modules/cjs/loader:1104:12)
    at Function.executeUserEntryPoint [as runMain] (node:internal/modules/run_main:174:12)
    at node:internal/main/run_main_module:28:49
2024-12-24T09:11:42.228Z error: uncaughtException: app.use() requires a middleware function
TypeError: app.use() requires a middleware function
    at Function.use (C:\Users\Avrora\Desktop\ITINFO\node_modules\express\lib\application.js:217:11)
    at Object.<anonymous> (C:\Users\Avrora\Desktop\ITINFO\app.js:42:5)
    at Module._compile (node:internal/modules/cjs/loader:1469:14)
    at Module._extensions..js (node:internal/modules/cjs/loader:1548:10)
    at Module.load (node:internal/modules/cjs/loader:1288:32)
    at Module._load (node:internal/modules/cjs/loader:1104:12)
    at Function.executeUserEntryPoint [as runMain] (node:internal/modules/run_main:174:12)
    at node:internal/main/run_main_module:28:49
2024-12-24T09:12:41.346Z error: uncaughtException: app.use() requires a middleware function
TypeError: app.use() requires a middleware function
    at Function.use (C:\Users\Avrora\Desktop\ITINFO\node_modules\express\lib\application.js:217:11)
    at Object.<anonymous> (C:\Users\Avrora\Desktop\ITINFO\app.js:42:5)
    at Module._compile (node:internal/modules/cjs/loader:1469:14)
    at Module._extensions..js (node:internal/modules/cjs/loader:1548:10)
    at Module.load (node:internal/modules/cjs/loader:1288:32)
    at Module._load (node:internal/modules/cjs/loader:1104:12)
    at Function.executeUserEntryPoint [as runMain] (node:internal/modules/run_main:174:12)
    at node:internal/main/run_main_module:28:49
2024-12-24T09:13:48.215Z error: uncaughtException: app.use() requires a middleware function
TypeError: app.use() requires a middleware function
    at Function.use (C:\Users\Avrora\Desktop\ITINFO\node_modules\express\lib\application.js:217:11)
    at Object.<anonymous> (C:\Users\Avrora\Desktop\ITINFO\app.js:44:5)
    at Module._compile (node:internal/modules/cjs/loader:1469:14)
    at Module._extensions..js (node:internal/modules/cjs/loader:1548:10)
    at Module.load (node:internal/modules/cjs/loader:1288:32)
    at Module._load (node:internal/modules/cjs/loader:1104:12)
    at Function.executeUserEntryPoint [as runMain] (node:internal/modules/run_main:174:12)
    at node:internal/main/run_main_module:28:49
2024-12-24T10:53:12.394Z error: uncaughtException: Unexpected token '}'
C:\Users\Avrora\Desktop\ITINFO\controllers\author.controller.js:82
    res.status(200).send({ message: "Tizimga xush kelibsiz", accessToken: });
                                                                          ^

SyntaxError: Unexpected token '}'
    at wrapSafe (node:internal/modules/cjs/loader:1378:20)
    at Module._compile (node:internal/modules/cjs/loader:1428:41)
    at Module._extensions..js (node:internal/modules/cjs/loader:1548:10)
    at Module.load (node:internal/modules/cjs/loader:1288:32)
    at Module._load (node:internal/modules/cjs/loader:1104:12)
    at Module.require (node:internal/modules/cjs/loader:1311:19)
    at require (node:internal/modules/helpers:179:18)
    at Object.<anonymous> (C:\Users\Avrora\Desktop\ITINFO\routes\author.routes.js:11:5)
    at Module._compile (node:internal/modules/cjs/loader:1469:14)
    at Module._extensions..js (node:internal/modules/cjs/loader:1548:10)
2024-12-24T10:53:32.726Z error: uncaughtException: Unexpected token ':'
C:\Users\Avrora\Desktop\ITINFO\controllers\author.controller.js:87
        accessToken: tokens.accesToken,
                   ^

SyntaxError: Unexpected token ':'
    at wrapSafe (node:internal/modules/cjs/loader:1378:20)
    at Module._compile (node:internal/modules/cjs/loader:1428:41)
    at Module._extensions..js (node:internal/modules/cjs/loader:1548:10)
    at Module.load (node:internal/modules/cjs/loader:1288:32)
    at Module._load (node:internal/modules/cjs/loader:1104:12)
    at Module.require (node:internal/modules/cjs/loader:1311:19)
    at require (node:internal/modules/helpers:179:18)
    at Object.<anonymous> (C:\Users\Avrora\Desktop\ITINFO\routes\author.routes.js:11:5)
    at Module._compile (node:internal/modules/cjs/loader:1469:14)
    at Module._extensions..js (node:internal/modules/cjs/loader:1548:10)
2024-12-24T10:53:36.378Z error: uncaughtException: Unexpected identifier 'accessToken'
C:\Users\Avrora\Desktop\ITINFO\controllers\author.controller.js:87
        accessToken: tokens.accesToken,
        ^^^^^^^^^^^

SyntaxError: Unexpected identifier 'accessToken'
    at wrapSafe (node:internal/modules/cjs/loader:1378:20)
    at Module._compile (node:internal/modules/cjs/loader:1428:41)
    at Module._extensions..js (node:internal/modules/cjs/loader:1548:10)
    at Module.load (node:internal/modules/cjs/loader:1288:32)
    at Module._load (node:internal/modules/cjs/loader:1104:12)
    at Module.require (node:internal/modules/cjs/loader:1311:19)
    at require (node:internal/modules/helpers:179:18)
    at Object.<anonymous> (C:\Users\Avrora\Desktop\ITINFO\routes\author.routes.js:11:5)
    at Module._compile (node:internal/modules/cjs/loader:1469:14)
    at Module._extensions..js (node:internal/modules/cjs/loader:1548:10)
2024-12-24T10:53:40.086Z error: uncaughtException: Unexpected token ':'
C:\Users\Avrora\Desktop\ITINFO\controllers\author.controller.js:87
        accessToken: tokens.accesToken,
                   ^

SyntaxError: Unexpected token ':'
    at wrapSafe (node:internal/modules/cjs/loader:1378:20)
    at Module._compile (node:internal/modules/cjs/loader:1428:41)
    at Module._extensions..js (node:internal/modules/cjs/loader:1548:10)
    at Module.load (node:internal/modules/cjs/loader:1288:32)
    at Module._load (node:internal/modules/cjs/loader:1104:12)
    at Module.require (node:internal/modules/cjs/loader:1311:19)
    at require (node:internal/modules/helpers:179:18)
    at Object.<anonymous> (C:\Users\Avrora\Desktop\ITINFO\routes\author.routes.js:11:5)
    at Module._compile (node:internal/modules/cjs/loader:1469:14)
    at Module._extensions..js (node:internal/modules/cjs/loader:1548:10)
2024-12-24T10:53:43.585Z error: uncaughtException: Unexpected identifier 'accessToken'
C:\Users\Avrora\Desktop\ITINFO\controllers\author.controller.js:87
        accessToken: tokens.accesToken,
        ^^^^^^^^^^^

SyntaxError: Unexpected identifier 'accessToken'
    at wrapSafe (node:internal/modules/cjs/loader:1378:20)
    at Module._compile (node:internal/modules/cjs/loader:1428:41)
    at Module._extensions..js (node:internal/modules/cjs/loader:1548:10)
    at Module.load (node:internal/modules/cjs/loader:1288:32)
    at Module._load (node:internal/modules/cjs/loader:1104:12)
    at Module.require (node:internal/modules/cjs/loader:1311:19)
    at require (node:internal/modules/helpers:179:18)
    at Object.<anonymous> (C:\Users\Avrora\Desktop\ITINFO\routes\author.routes.js:11:5)
    at Module._compile (node:internal/modules/cjs/loader:1469:14)
    at Module._extensions..js (node:internal/modules/cjs/loader:1548:10)
2024-12-24T10:53:49.384Z error: uncaughtException: Unexpected token ':'
C:\Users\Avrora\Desktop\ITINFO\controllers\author.controller.js:87
        accessToken: tokens.accesToken,
                   ^

SyntaxError: Unexpected token ':'
    at wrapSafe (node:internal/modules/cjs/loader:1378:20)
    at Module._compile (node:internal/modules/cjs/loader:1428:41)
    at Module._extensions..js (node:internal/modules/cjs/loader:1548:10)
    at Module.load (node:internal/modules/cjs/loader:1288:32)
    at Module._load (node:internal/modules/cjs/loader:1104:12)
    at Module.require (node:internal/modules/cjs/loader:1311:19)
    at require (node:internal/modules/helpers:179:18)
    at Object.<anonymous> (C:\Users\Avrora\Desktop\ITINFO\routes\author.routes.js:11:5)
    at Module._compile (node:internal/modules/cjs/loader:1469:14)
    at Module._extensions..js (node:internal/modules/cjs/loader:1548:10)
2024-12-25T05:03:05.761Z error: uncaughtException: Cannot find module '../polise.middleware/user.police'
Require stack:
- C:\Users\Avrora\Desktop\ITINFO\routes\user.routes.js
- C:\Users\Avrora\Desktop\ITINFO\routes\index.routes.js
- C:\Users\Avrora\Desktop\ITINFO\app.js
Error: Cannot find module '../polise.middleware/user.police'
Require stack:
- C:\Users\Avrora\Desktop\ITINFO\routes\user.routes.js
- C:\Users\Avrora\Desktop\ITINFO\routes\index.routes.js
- C:\Users\Avrora\Desktop\ITINFO\app.js
    at Module._resolveFilename (node:internal/modules/cjs/loader:1225:15)
    at Module._load (node:internal/modules/cjs/loader:1051:27)
    at Module.require (node:internal/modules/cjs/loader:1311:19)
    at require (node:internal/modules/helpers:179:18)
    at Object.<anonymous> (C:\Users\Avrora\Desktop\ITINFO\routes\user.routes.js:12:20)
    at Module._compile (node:internal/modules/cjs/loader:1469:14)
    at Module._extensions..js (node:internal/modules/cjs/loader:1548:10)
    at Module.load (node:internal/modules/cjs/loader:1288:32)
    at Module._load (node:internal/modules/cjs/loader:1104:12)
    at Module.require (node:internal/modules/cjs/loader:1311:19)
2024-12-25T05:05:29.065Z error: uncaughtException: Cannot find module '../polise.middleware/user.police'
Require stack:
- C:\Users\Avrora\Desktop\ITINFO\routes\user.routes.js
- C:\Users\Avrora\Desktop\ITINFO\routes\index.routes.js
- C:\Users\Avrora\Desktop\ITINFO\app.js
Error: Cannot find module '../polise.middleware/user.police'
Require stack:
- C:\Users\Avrora\Desktop\ITINFO\routes\user.routes.js
- C:\Users\Avrora\Desktop\ITINFO\routes\index.routes.js
- C:\Users\Avrora\Desktop\ITINFO\app.js
    at Module._resolveFilename (node:internal/modules/cjs/loader:1225:15)
    at Module._load (node:internal/modules/cjs/loader:1051:27)
    at Module.require (node:internal/modules/cjs/loader:1311:19)
    at require (node:internal/modules/helpers:179:18)
    at Object.<anonymous> (C:\Users\Avrora\Desktop\ITINFO\routes\user.routes.js:12:20)
    at Module._compile (node:internal/modules/cjs/loader:1469:14)
    at Module._extensions..js (node:internal/modules/cjs/loader:1548:10)
    at Module.load (node:internal/modules/cjs/loader:1288:32)
    at Module._load (node:internal/modules/cjs/loader:1104:12)
    at Module.require (node:internal/modules/cjs/loader:1311:19)
2024-12-25T05:06:50.952Z error: uncaughtException: Cannot find module '../polise.middleware/user.police'
Require stack:
- C:\Users\Avrora\Desktop\ITINFO\routes\user.routes.js
- C:\Users\Avrora\Desktop\ITINFO\routes\index.routes.js
- C:\Users\Avrora\Desktop\ITINFO\app.js
Error: Cannot find module '../polise.middleware/user.police'
Require stack:
- C:\Users\Avrora\Desktop\ITINFO\routes\user.routes.js
- C:\Users\Avrora\Desktop\ITINFO\routes\index.routes.js
- C:\Users\Avrora\Desktop\ITINFO\app.js
    at Module._resolveFilename (node:internal/modules/cjs/loader:1225:15)
    at Module._load (node:internal/modules/cjs/loader:1051:27)
    at Module.require (node:internal/modules/cjs/loader:1311:19)
    at require (node:internal/modules/helpers:179:18)
    at Object.<anonymous> (C:\Users\Avrora\Desktop\ITINFO\routes\user.routes.js:12:20)
    at Module._compile (node:internal/modules/cjs/loader:1469:14)
    at Module._extensions..js (node:internal/modules/cjs/loader:1548:10)
    at Module.load (node:internal/modules/cjs/loader:1288:32)
    at Module._load (node:internal/modules/cjs/loader:1104:12)
    at Module.require (node:internal/modules/cjs/loader:1311:19)
2024-12-25T05:07:38.866Z error: uncaughtException: Cannot find module '../polise.middleware/user.police'
Require stack:
- C:\Users\Avrora\Desktop\ITINFO\routes\user.routes.js
- C:\Users\Avrora\Desktop\ITINFO\routes\index.routes.js
- C:\Users\Avrora\Desktop\ITINFO\app.js
Error: Cannot find module '../polise.middleware/user.police'
Require stack:
- C:\Users\Avrora\Desktop\ITINFO\routes\user.routes.js
- C:\Users\Avrora\Desktop\ITINFO\routes\index.routes.js
- C:\Users\Avrora\Desktop\ITINFO\app.js
    at Module._resolveFilename (node:internal/modules/cjs/loader:1225:15)
    at Module._load (node:internal/modules/cjs/loader:1051:27)
    at Module.require (node:internal/modules/cjs/loader:1311:19)
    at require (node:internal/modules/helpers:179:18)
    at Object.<anonymous> (C:\Users\Avrora\Desktop\ITINFO\routes\user.routes.js:12:20)
    at Module._compile (node:internal/modules/cjs/loader:1469:14)
    at Module._extensions..js (node:internal/modules/cjs/loader:1548:10)
    at Module.load (node:internal/modules/cjs/loader:1288:32)
    at Module._load (node:internal/modules/cjs/loader:1104:12)
    at Module.require (node:internal/modules/cjs/loader:1311:19)
2024-12-25T05:10:46.990Z error: uncaughtException: Cannot find module '../polise.middleware/user.police'
Require stack:
- C:\Users\Avrora\Desktop\ITINFO\routes\user.routes.js
- C:\Users\Avrora\Desktop\ITINFO\routes\index.routes.js
- C:\Users\Avrora\Desktop\ITINFO\app.js
Error: Cannot find module '../polise.middleware/user.police'
Require stack:
- C:\Users\Avrora\Desktop\ITINFO\routes\user.routes.js
- C:\Users\Avrora\Desktop\ITINFO\routes\index.routes.js
- C:\Users\Avrora\Desktop\ITINFO\app.js
    at Module._resolveFilename (node:internal/modules/cjs/loader:1225:15)
    at Module._load (node:internal/modules/cjs/loader:1051:27)
    at Module.require (node:internal/modules/cjs/loader:1311:19)
    at require (node:internal/modules/helpers:179:18)
    at Object.<anonymous> (C:\Users\Avrora\Desktop\ITINFO\routes\user.routes.js:12:20)
    at Module._compile (node:internal/modules/cjs/loader:1469:14)
    at Module._extensions..js (node:internal/modules/cjs/loader:1548:10)
    at Module.load (node:internal/modules/cjs/loader:1288:32)
    at Module._load (node:internal/modules/cjs/loader:1104:12)
    at Module.require (node:internal/modules/cjs/loader:1311:19)
2024-12-25T05:11:08.426Z error: uncaughtException: Cannot find module '../polise.middleware/user.police'
Require stack:
- C:\Users\Avrora\Desktop\ITINFO\routes\user.routes.js
- C:\Users\Avrora\Desktop\ITINFO\routes\index.routes.js
- C:\Users\Avrora\Desktop\ITINFO\app.js
Error: Cannot find module '../polise.middleware/user.police'
Require stack:
- C:\Users\Avrora\Desktop\ITINFO\routes\user.routes.js
- C:\Users\Avrora\Desktop\ITINFO\routes\index.routes.js
- C:\Users\Avrora\Desktop\ITINFO\app.js
    at Module._resolveFilename (node:internal/modules/cjs/loader:1225:15)
    at Module._load (node:internal/modules/cjs/loader:1051:27)
    at Module.require (node:internal/modules/cjs/loader:1311:19)
    at require (node:internal/modules/helpers:179:18)
    at Object.<anonymous> (C:\Users\Avrora\Desktop\ITINFO\routes\user.routes.js:12:20)
    at Module._compile (node:internal/modules/cjs/loader:1469:14)
    at Module._extensions..js (node:internal/modules/cjs/loader:1548:10)
    at Module.load (node:internal/modules/cjs/loader:1288:32)
    at Module._load (node:internal/modules/cjs/loader:1104:12)
    at Module.require (node:internal/modules/cjs/loader:1311:19)
2024-12-25T05:12:29.517Z error: uncaughtException: Cannot find module '../polise.middleware/user.police'
Require stack:
- C:\Users\Avrora\Desktop\ITINFO\routes\user.routes.js
- C:\Users\Avrora\Desktop\ITINFO\routes\index.routes.js
- C:\Users\Avrora\Desktop\ITINFO\app.js
Error: Cannot find module '../polise.middleware/user.police'
Require stack:
- C:\Users\Avrora\Desktop\ITINFO\routes\user.routes.js
- C:\Users\Avrora\Desktop\ITINFO\routes\index.routes.js
- C:\Users\Avrora\Desktop\ITINFO\app.js
    at Module._resolveFilename (node:internal/modules/cjs/loader:1225:15)
    at Module._load (node:internal/modules/cjs/loader:1051:27)
    at Module.require (node:internal/modules/cjs/loader:1311:19)
    at require (node:internal/modules/helpers:179:18)
    at Object.<anonymous> (C:\Users\Avrora\Desktop\ITINFO\routes\user.routes.js:12:20)
    at Module._compile (node:internal/modules/cjs/loader:1469:14)
    at Module._extensions..js (node:internal/modules/cjs/loader:1548:10)
    at Module.load (node:internal/modules/cjs/loader:1288:32)
    at Module._load (node:internal/modules/cjs/loader:1104:12)
    at Module.require (node:internal/modules/cjs/loader:1311:19)
2024-12-25T05:12:45.266Z error: uncaughtException: Cannot find module '../polise.middleware/user.police'
Require stack:
- C:\Users\Avrora\Desktop\ITINFO\routes\user.routes.js
- C:\Users\Avrora\Desktop\ITINFO\routes\index.routes.js
- C:\Users\Avrora\Desktop\ITINFO\app.js
Error: Cannot find module '../polise.middleware/user.police'
Require stack:
- C:\Users\Avrora\Desktop\ITINFO\routes\user.routes.js
- C:\Users\Avrora\Desktop\ITINFO\routes\index.routes.js
- C:\Users\Avrora\Desktop\ITINFO\app.js
    at Module._resolveFilename (node:internal/modules/cjs/loader:1225:15)
    at Module._load (node:internal/modules/cjs/loader:1051:27)
    at Module.require (node:internal/modules/cjs/loader:1311:19)
    at require (node:internal/modules/helpers:179:18)
    at Object.<anonymous> (C:\Users\Avrora\Desktop\ITINFO\routes\user.routes.js:12:20)
    at Module._compile (node:internal/modules/cjs/loader:1469:14)
    at Module._extensions..js (node:internal/modules/cjs/loader:1548:10)
    at Module.load (node:internal/modules/cjs/loader:1288:32)
    at Module._load (node:internal/modules/cjs/loader:1104:12)
    at Module.require (node:internal/modules/cjs/loader:1311:19)
2024-12-25T05:14:22.457Z error: uncaughtException: Cannot find module '../polise.middleware/user.police'
Require stack:
- C:\Users\Avrora\Desktop\ITINFO\routes\user.routes.js
- C:\Users\Avrora\Desktop\ITINFO\routes\index.routes.js
- C:\Users\Avrora\Desktop\ITINFO\app.js
Error: Cannot find module '../polise.middleware/user.police'
Require stack:
- C:\Users\Avrora\Desktop\ITINFO\routes\user.routes.js
- C:\Users\Avrora\Desktop\ITINFO\routes\index.routes.js
- C:\Users\Avrora\Desktop\ITINFO\app.js
    at Module._resolveFilename (node:internal/modules/cjs/loader:1225:15)
    at Module._load (node:internal/modules/cjs/loader:1051:27)
    at Module.require (node:internal/modules/cjs/loader:1311:19)
    at require (node:internal/modules/helpers:179:18)
    at Object.<anonymous> (C:\Users\Avrora\Desktop\ITINFO\routes\user.routes.js:12:20)
    at Module._compile (node:internal/modules/cjs/loader:1469:14)
    at Module._extensions..js (node:internal/modules/cjs/loader:1548:10)
    at Module.load (node:internal/modules/cjs/loader:1288:32)
    at Module._load (node:internal/modules/cjs/loader:1104:12)
    at Module.require (node:internal/modules/cjs/loader:1311:19)
2024-12-25T05:15:33.047Z error: uncaughtException: Cannot find module '../polise.middleware/user.police'
Require stack:
- C:\Users\Avrora\Desktop\ITINFO\routes\user.routes.js
- C:\Users\Avrora\Desktop\ITINFO\routes\index.routes.js
- C:\Users\Avrora\Desktop\ITINFO\app.js
Error: Cannot find module '../polise.middleware/user.police'
Require stack:
- C:\Users\Avrora\Desktop\ITINFO\routes\user.routes.js
- C:\Users\Avrora\Desktop\ITINFO\routes\index.routes.js
- C:\Users\Avrora\Desktop\ITINFO\app.js
    at Module._resolveFilename (node:internal/modules/cjs/loader:1225:15)
    at Module._load (node:internal/modules/cjs/loader:1051:27)
    at Module.require (node:internal/modules/cjs/loader:1311:19)
    at require (node:internal/modules/helpers:179:18)
    at Object.<anonymous> (C:\Users\Avrora\Desktop\ITINFO\routes\user.routes.js:12:20)
    at Module._compile (node:internal/modules/cjs/loader:1469:14)
    at Module._extensions..js (node:internal/modules/cjs/loader:1548:10)
    at Module.load (node:internal/modules/cjs/loader:1288:32)
    at Module._load (node:internal/modules/cjs/loader:1104:12)
    at Module.require (node:internal/modules/cjs/loader:1311:19)
2024-12-25T05:19:06.420Z error: uncaughtException: Cannot find module '../polise.middleware/user.police'
Require stack:
- C:\Users\Avrora\Desktop\ITINFO\routes\user.routes.js
- C:\Users\Avrora\Desktop\ITINFO\routes\index.routes.js
- C:\Users\Avrora\Desktop\ITINFO\app.js
Error: Cannot find module '../polise.middleware/user.police'
Require stack:
- C:\Users\Avrora\Desktop\ITINFO\routes\user.routes.js
- C:\Users\Avrora\Desktop\ITINFO\routes\index.routes.js
- C:\Users\Avrora\Desktop\ITINFO\app.js
    at Module._resolveFilename (node:internal/modules/cjs/loader:1225:15)
    at Module._load (node:internal/modules/cjs/loader:1051:27)
    at Module.require (node:internal/modules/cjs/loader:1311:19)
    at require (node:internal/modules/helpers:179:18)
    at Object.<anonymous> (C:\Users\Avrora\Desktop\ITINFO\routes\user.routes.js:12:20)
    at Module._compile (node:internal/modules/cjs/loader:1469:14)
    at Module._extensions..js (node:internal/modules/cjs/loader:1548:10)
    at Module.load (node:internal/modules/cjs/loader:1288:32)
    at Module._load (node:internal/modules/cjs/loader:1104:12)
    at Module.require (node:internal/modules/cjs/loader:1311:19)
2024-12-25T05:19:29.034Z error: uncaughtException: Cannot find module '../polise.middleware/user.police'
Require stack:
- C:\Users\Avrora\Desktop\ITINFO\routes\user.routes.js
- C:\Users\Avrora\Desktop\ITINFO\routes\index.routes.js
- C:\Users\Avrora\Desktop\ITINFO\app.js
Error: Cannot find module '../polise.middleware/user.police'
Require stack:
- C:\Users\Avrora\Desktop\ITINFO\routes\user.routes.js
- C:\Users\Avrora\Desktop\ITINFO\routes\index.routes.js
- C:\Users\Avrora\Desktop\ITINFO\app.js
    at Module._resolveFilename (node:internal/modules/cjs/loader:1225:15)
    at Module._load (node:internal/modules/cjs/loader:1051:27)
    at Module.require (node:internal/modules/cjs/loader:1311:19)
    at require (node:internal/modules/helpers:179:18)
    at Object.<anonymous> (C:\Users\Avrora\Desktop\ITINFO\routes\user.routes.js:12:20)
    at Module._compile (node:internal/modules/cjs/loader:1469:14)
    at Module._extensions..js (node:internal/modules/cjs/loader:1548:10)
    at Module.load (node:internal/modules/cjs/loader:1288:32)
    at Module._load (node:internal/modules/cjs/loader:1104:12)
    at Module.require (node:internal/modules/cjs/loader:1311:19)
2024-12-25T05:21:13.861Z error: uncaughtException: Cannot find module '../polise.middleware/user.police'
Require stack:
- C:\Users\Avrora\Desktop\ITINFO\routes\user.routes.js
- C:\Users\Avrora\Desktop\ITINFO\routes\index.routes.js
- C:\Users\Avrora\Desktop\ITINFO\app.js
Error: Cannot find module '../polise.middleware/user.police'
Require stack:
- C:\Users\Avrora\Desktop\ITINFO\routes\user.routes.js
- C:\Users\Avrora\Desktop\ITINFO\routes\index.routes.js
- C:\Users\Avrora\Desktop\ITINFO\app.js
    at Module._resolveFilename (node:internal/modules/cjs/loader:1225:15)
    at Module._load (node:internal/modules/cjs/loader:1051:27)
    at Module.require (node:internal/modules/cjs/loader:1311:19)
    at require (node:internal/modules/helpers:179:18)
    at Object.<anonymous> (C:\Users\Avrora\Desktop\ITINFO\routes\user.routes.js:12:20)
    at Module._compile (node:internal/modules/cjs/loader:1469:14)
    at Module._extensions..js (node:internal/modules/cjs/loader:1548:10)
    at Module.load (node:internal/modules/cjs/loader:1288:32)
    at Module._load (node:internal/modules/cjs/loader:1104:12)
    at Module.require (node:internal/modules/cjs/loader:1311:19)
2024-12-25T05:22:04.546Z error: uncaughtException: Cannot find module '../polise.middleware/user.police'
Require stack:
- C:\Users\Avrora\Desktop\ITINFO\routes\user.routes.js
- C:\Users\Avrora\Desktop\ITINFO\routes\index.routes.js
- C:\Users\Avrora\Desktop\ITINFO\app.js
Error: Cannot find module '../polise.middleware/user.police'
Require stack:
- C:\Users\Avrora\Desktop\ITINFO\routes\user.routes.js
- C:\Users\Avrora\Desktop\ITINFO\routes\index.routes.js
- C:\Users\Avrora\Desktop\ITINFO\app.js
    at Module._resolveFilename (node:internal/modules/cjs/loader:1225:15)
    at Module._load (node:internal/modules/cjs/loader:1051:27)
    at Module.require (node:internal/modules/cjs/loader:1311:19)
    at require (node:internal/modules/helpers:179:18)
    at Object.<anonymous> (C:\Users\Avrora\Desktop\ITINFO\routes\user.routes.js:12:20)
    at Module._compile (node:internal/modules/cjs/loader:1469:14)
    at Module._extensions..js (node:internal/modules/cjs/loader:1548:10)
    at Module.load (node:internal/modules/cjs/loader:1288:32)
    at Module._load (node:internal/modules/cjs/loader:1104:12)
    at Module.require (node:internal/modules/cjs/loader:1311:19)
2024-12-25T05:23:16.060Z error: uncaughtException: Cannot find module '../polise.middleware/user.police'
Require stack:
- C:\Users\Avrora\Desktop\ITINFO\routes\user.routes.js
- C:\Users\Avrora\Desktop\ITINFO\routes\index.routes.js
- C:\Users\Avrora\Desktop\ITINFO\app.js
Error: Cannot find module '../polise.middleware/user.police'
Require stack:
- C:\Users\Avrora\Desktop\ITINFO\routes\user.routes.js
- C:\Users\Avrora\Desktop\ITINFO\routes\index.routes.js
- C:\Users\Avrora\Desktop\ITINFO\app.js
    at Module._resolveFilename (node:internal/modules/cjs/loader:1225:15)
    at Module._load (node:internal/modules/cjs/loader:1051:27)
    at Module.require (node:internal/modules/cjs/loader:1311:19)
    at require (node:internal/modules/helpers:179:18)
    at Object.<anonymous> (C:\Users\Avrora\Desktop\ITINFO\routes\user.routes.js:12:20)
    at Module._compile (node:internal/modules/cjs/loader:1469:14)
    at Module._extensions..js (node:internal/modules/cjs/loader:1548:10)
    at Module.load (node:internal/modules/cjs/loader:1288:32)
    at Module._load (node:internal/modules/cjs/loader:1104:12)
    at Module.require (node:internal/modules/cjs/loader:1311:19)
2024-12-25T05:24:29.548Z error: uncaughtException: Cannot find module '../polise.middleware/user.police'
Require stack:
- C:\Users\Avrora\Desktop\ITINFO\routes\user.routes.js
- C:\Users\Avrora\Desktop\ITINFO\routes\index.routes.js
- C:\Users\Avrora\Desktop\ITINFO\app.js
Error: Cannot find module '../polise.middleware/user.police'
Require stack:
- C:\Users\Avrora\Desktop\ITINFO\routes\user.routes.js
- C:\Users\Avrora\Desktop\ITINFO\routes\index.routes.js
- C:\Users\Avrora\Desktop\ITINFO\app.js
    at Module._resolveFilename (node:internal/modules/cjs/loader:1225:15)
    at Module._load (node:internal/modules/cjs/loader:1051:27)
    at Module.require (node:internal/modules/cjs/loader:1311:19)
    at require (node:internal/modules/helpers:179:18)
    at Object.<anonymous> (C:\Users\Avrora\Desktop\ITINFO\routes\user.routes.js:12:20)
    at Module._compile (node:internal/modules/cjs/loader:1469:14)
    at Module._extensions..js (node:internal/modules/cjs/loader:1548:10)
    at Module.load (node:internal/modules/cjs/loader:1288:32)
    at Module._load (node:internal/modules/cjs/loader:1104:12)
    at Module.require (node:internal/modules/cjs/loader:1311:19)
2024-12-25T05:27:20.348Z error: uncaughtException: Cannot find module '../polise.middleware/user.police'
Require stack:
- C:\Users\Avrora\Desktop\ITINFO\routes\user.routes.js
- C:\Users\Avrora\Desktop\ITINFO\routes\index.routes.js
- C:\Users\Avrora\Desktop\ITINFO\app.js
Error: Cannot find module '../polise.middleware/user.police'
Require stack:
- C:\Users\Avrora\Desktop\ITINFO\routes\user.routes.js
- C:\Users\Avrora\Desktop\ITINFO\routes\index.routes.js
- C:\Users\Avrora\Desktop\ITINFO\app.js
    at Module._resolveFilename (node:internal/modules/cjs/loader:1225:15)
    at Module._load (node:internal/modules/cjs/loader:1051:27)
    at Module.require (node:internal/modules/cjs/loader:1311:19)
    at require (node:internal/modules/helpers:179:18)
    at Object.<anonymous> (C:\Users\Avrora\Desktop\ITINFO\routes\user.routes.js:12:20)
    at Module._compile (node:internal/modules/cjs/loader:1469:14)
    at Module._extensions..js (node:internal/modules/cjs/loader:1548:10)
    at Module.load (node:internal/modules/cjs/loader:1288:32)
    at Module._load (node:internal/modules/cjs/loader:1104:12)
    at Module.require (node:internal/modules/cjs/loader:1311:19)
2024-12-25T05:27:32.481Z error: uncaughtException: Cannot find module '../polise.middleware/user.police'
Require stack:
- C:\Users\Avrora\Desktop\ITINFO\routes\user.routes.js
- C:\Users\Avrora\Desktop\ITINFO\routes\index.routes.js
- C:\Users\Avrora\Desktop\ITINFO\app.js
Error: Cannot find module '../polise.middleware/user.police'
Require stack:
- C:\Users\Avrora\Desktop\ITINFO\routes\user.routes.js
- C:\Users\Avrora\Desktop\ITINFO\routes\index.routes.js
- C:\Users\Avrora\Desktop\ITINFO\app.js
    at Module._resolveFilename (node:internal/modules/cjs/loader:1225:15)
    at Module._load (node:internal/modules/cjs/loader:1051:27)
    at Module.require (node:internal/modules/cjs/loader:1311:19)
    at require (node:internal/modules/helpers:179:18)
    at Object.<anonymous> (C:\Users\Avrora\Desktop\ITINFO\routes\user.routes.js:12:20)
    at Module._compile (node:internal/modules/cjs/loader:1469:14)
    at Module._extensions..js (node:internal/modules/cjs/loader:1548:10)
    at Module.load (node:internal/modules/cjs/loader:1288:32)
    at Module._load (node:internal/modules/cjs/loader:1104:12)
    at Module.require (node:internal/modules/cjs/loader:1311:19)
2024-12-25T05:29:56.857Z error: uncaughtException: Cannot find module '../polise.middleware/user.police'
Require stack:
- C:\Users\Avrora\Desktop\ITINFO\routes\user.routes.js
- C:\Users\Avrora\Desktop\ITINFO\routes\index.routes.js
- C:\Users\Avrora\Desktop\ITINFO\app.js
Error: Cannot find module '../polise.middleware/user.police'
Require stack:
- C:\Users\Avrora\Desktop\ITINFO\routes\user.routes.js
- C:\Users\Avrora\Desktop\ITINFO\routes\index.routes.js
- C:\Users\Avrora\Desktop\ITINFO\app.js
    at Module._resolveFilename (node:internal/modules/cjs/loader:1225:15)
    at Module._load (node:internal/modules/cjs/loader:1051:27)
    at Module.require (node:internal/modules/cjs/loader:1311:19)
    at require (node:internal/modules/helpers:179:18)
    at Object.<anonymous> (C:\Users\Avrora\Desktop\ITINFO\routes\user.routes.js:12:20)
    at Module._compile (node:internal/modules/cjs/loader:1469:14)
    at Module._extensions..js (node:internal/modules/cjs/loader:1548:10)
    at Module.load (node:internal/modules/cjs/loader:1288:32)
    at Module._load (node:internal/modules/cjs/loader:1104:12)
    at Module.require (node:internal/modules/cjs/loader:1311:19)
2024-12-25T05:31:18.451Z error: uncaughtException: Cannot find module '../polise.middleware/user.police'
Require stack:
- C:\Users\Avrora\Desktop\ITINFO\routes\user.routes.js
- C:\Users\Avrora\Desktop\ITINFO\routes\index.routes.js
- C:\Users\Avrora\Desktop\ITINFO\app.js
Error: Cannot find module '../polise.middleware/user.police'
Require stack:
- C:\Users\Avrora\Desktop\ITINFO\routes\user.routes.js
- C:\Users\Avrora\Desktop\ITINFO\routes\index.routes.js
- C:\Users\Avrora\Desktop\ITINFO\app.js
    at Module._resolveFilename (node:internal/modules/cjs/loader:1225:15)
    at Module._load (node:internal/modules/cjs/loader:1051:27)
    at Module.require (node:internal/modules/cjs/loader:1311:19)
    at require (node:internal/modules/helpers:179:18)
    at Object.<anonymous> (C:\Users\Avrora\Desktop\ITINFO\routes\user.routes.js:12:20)
    at Module._compile (node:internal/modules/cjs/loader:1469:14)
    at Module._extensions..js (node:internal/modules/cjs/loader:1548:10)
    at Module.load (node:internal/modules/cjs/loader:1288:32)
    at Module._load (node:internal/modules/cjs/loader:1104:12)
    at Module.require (node:internal/modules/cjs/loader:1311:19)
2024-12-25T05:31:42.652Z error: uncaughtException: Cannot find module '../polise.middleware/user.police'
Require stack:
- C:\Users\Avrora\Desktop\ITINFO\routes\user.routes.js
- C:\Users\Avrora\Desktop\ITINFO\routes\index.routes.js
- C:\Users\Avrora\Desktop\ITINFO\app.js
Error: Cannot find module '../polise.middleware/user.police'
Require stack:
- C:\Users\Avrora\Desktop\ITINFO\routes\user.routes.js
- C:\Users\Avrora\Desktop\ITINFO\routes\index.routes.js
- C:\Users\Avrora\Desktop\ITINFO\app.js
    at Module._resolveFilename (node:internal/modules/cjs/loader:1225:15)
    at Module._load (node:internal/modules/cjs/loader:1051:27)
    at Module.require (node:internal/modules/cjs/loader:1311:19)
    at require (node:internal/modules/helpers:179:18)
    at Object.<anonymous> (C:\Users\Avrora\Desktop\ITINFO\routes\user.routes.js:12:20)
    at Module._compile (node:internal/modules/cjs/loader:1469:14)
    at Module._extensions..js (node:internal/modules/cjs/loader:1548:10)
    at Module.load (node:internal/modules/cjs/loader:1288:32)
    at Module._load (node:internal/modules/cjs/loader:1104:12)
    at Module.require (node:internal/modules/cjs/loader:1311:19)
2024-12-25T05:31:49.551Z error: uncaughtException: Cannot find module '../polise.middleware/user.police'
Require stack:
- C:\Users\Avrora\Desktop\ITINFO\routes\user.routes.js
- C:\Users\Avrora\Desktop\ITINFO\routes\index.routes.js
- C:\Users\Avrora\Desktop\ITINFO\app.js
Error: Cannot find module '../polise.middleware/user.police'
Require stack:
- C:\Users\Avrora\Desktop\ITINFO\routes\user.routes.js
- C:\Users\Avrora\Desktop\ITINFO\routes\index.routes.js
- C:\Users\Avrora\Desktop\ITINFO\app.js
    at Module._resolveFilename (node:internal/modules/cjs/loader:1225:15)
    at Module._load (node:internal/modules/cjs/loader:1051:27)
    at Module.require (node:internal/modules/cjs/loader:1311:19)
    at require (node:internal/modules/helpers:179:18)
    at Object.<anonymous> (C:\Users\Avrora\Desktop\ITINFO\routes\user.routes.js:12:20)
    at Module._compile (node:internal/modules/cjs/loader:1469:14)
    at Module._extensions..js (node:internal/modules/cjs/loader:1548:10)
    at Module.load (node:internal/modules/cjs/loader:1288:32)
    at Module._load (node:internal/modules/cjs/loader:1104:12)
    at Module.require (node:internal/modules/cjs/loader:1311:19)
2024-12-25T05:33:33.221Z error: uncaughtException: Cannot find module '../polise.middleware/user.police'
Require stack:
- C:\Users\Avrora\Desktop\ITINFO\routes\user.routes.js
- C:\Users\Avrora\Desktop\ITINFO\routes\index.routes.js
- C:\Users\Avrora\Desktop\ITINFO\app_old.js
Error: Cannot find module '../polise.middleware/user.police'
Require stack:
- C:\Users\Avrora\Desktop\ITINFO\routes\user.routes.js
- C:\Users\Avrora\Desktop\ITINFO\routes\index.routes.js
- C:\Users\Avrora\Desktop\ITINFO\app_old.js
    at Module._resolveFilename (node:internal/modules/cjs/loader:1225:15)
    at Module._load (node:internal/modules/cjs/loader:1051:27)
    at Module.require (node:internal/modules/cjs/loader:1311:19)
    at require (node:internal/modules/helpers:179:18)
    at Object.<anonymous> (C:\Users\Avrora\Desktop\ITINFO\routes\user.routes.js:12:20)
    at Module._compile (node:internal/modules/cjs/loader:1469:14)
    at Module._extensions..js (node:internal/modules/cjs/loader:1548:10)
    at Module.load (node:internal/modules/cjs/loader:1288:32)
    at Module._load (node:internal/modules/cjs/loader:1104:12)
    at Module.require (node:internal/modules/cjs/loader:1311:19)
2024-12-25T05:34:24.729Z error: uncaughtException: Cannot find module '../polise.middleware/user.police'
Require stack:
- C:\Users\Avrora\Desktop\ITINFO\routes\user.routes.js
- C:\Users\Avrora\Desktop\ITINFO\routes\index.routes.js
- C:\Users\Avrora\Desktop\ITINFO\app_old.js
Error: Cannot find module '../polise.middleware/user.police'
Require stack:
- C:\Users\Avrora\Desktop\ITINFO\routes\user.routes.js
- C:\Users\Avrora\Desktop\ITINFO\routes\index.routes.js
- C:\Users\Avrora\Desktop\ITINFO\app_old.js
    at Module._resolveFilename (node:internal/modules/cjs/loader:1225:15)
    at Module._load (node:internal/modules/cjs/loader:1051:27)
    at Module.require (node:internal/modules/cjs/loader:1311:19)
    at require (node:internal/modules/helpers:179:18)
    at Object.<anonymous> (C:\Users\Avrora\Desktop\ITINFO\routes\user.routes.js:12:20)
    at Module._compile (node:internal/modules/cjs/loader:1469:14)
    at Module._extensions..js (node:internal/modules/cjs/loader:1548:10)
    at Module.load (node:internal/modules/cjs/loader:1288:32)
    at Module._load (node:internal/modules/cjs/loader:1104:12)
    at Module.require (node:internal/modules/cjs/loader:1311:19)
2024-12-25T05:39:37.243Z error: uncaughtException: Cannot find module '../polise.middleware/user.police'
Require stack:
- C:\Users\Avrora\Desktop\ITINFO\routes\user.routes.js
- C:\Users\Avrora\Desktop\ITINFO\routes\index.routes.js
- C:\Users\Avrora\Desktop\ITINFO\app_old.js
Error: Cannot find module '../polise.middleware/user.police'
Require stack:
- C:\Users\Avrora\Desktop\ITINFO\routes\user.routes.js
- C:\Users\Avrora\Desktop\ITINFO\routes\index.routes.js
- C:\Users\Avrora\Desktop\ITINFO\app_old.js
    at Module._resolveFilename (node:internal/modules/cjs/loader:1225:15)
    at Module._load (node:internal/modules/cjs/loader:1051:27)
    at Module.require (node:internal/modules/cjs/loader:1311:19)
    at require (node:internal/modules/helpers:179:18)
    at Object.<anonymous> (C:\Users\Avrora\Desktop\ITINFO\routes\user.routes.js:12:20)
    at Module._compile (node:internal/modules/cjs/loader:1469:14)
    at Module._extensions..js (node:internal/modules/cjs/loader:1548:10)
    at Module.load (node:internal/modules/cjs/loader:1288:32)
    at Module._load (node:internal/modules/cjs/loader:1104:12)
    at Module.require (node:internal/modules/cjs/loader:1311:19)
2024-12-25T05:40:42.653Z error: uncaughtException: Cannot find module '../polise.middleware/user.police'
Require stack:
- C:\Users\Avrora\Desktop\ITINFO\routes\user.routes.js
- C:\Users\Avrora\Desktop\ITINFO\routes\index.routes.js
- C:\Users\Avrora\Desktop\ITINFO\app.js
Error: Cannot find module '../polise.middleware/user.police'
Require stack:
- C:\Users\Avrora\Desktop\ITINFO\routes\user.routes.js
- C:\Users\Avrora\Desktop\ITINFO\routes\index.routes.js
- C:\Users\Avrora\Desktop\ITINFO\app.js
    at Module._resolveFilename (node:internal/modules/cjs/loader:1225:15)
    at Module._load (node:internal/modules/cjs/loader:1051:27)
    at Module.require (node:internal/modules/cjs/loader:1311:19)
    at require (node:internal/modules/helpers:179:18)
    at Object.<anonymous> (C:\Users\Avrora\Desktop\ITINFO\routes\user.routes.js:12:20)
    at Module._compile (node:internal/modules/cjs/loader:1469:14)
    at Module._extensions..js (node:internal/modules/cjs/loader:1548:10)
    at Module.load (node:internal/modules/cjs/loader:1288:32)
    at Module._load (node:internal/modules/cjs/loader:1104:12)
    at Module.require (node:internal/modules/cjs/loader:1311:19)
2024-12-25T05:42:58.383Z error: uncaughtException: Cannot find module '../polise.middleware/user.police'
Require stack:
- C:\Users\Avrora\Desktop\ITINFO\routes\user.routes.js
- C:\Users\Avrora\Desktop\ITINFO\routes\index.routes.js
- C:\Users\Avrora\Desktop\ITINFO\app.js
Error: Cannot find module '../polise.middleware/user.police'
Require stack:
- C:\Users\Avrora\Desktop\ITINFO\routes\user.routes.js
- C:\Users\Avrora\Desktop\ITINFO\routes\index.routes.js
- C:\Users\Avrora\Desktop\ITINFO\app.js
    at Module._resolveFilename (node:internal/modules/cjs/loader:1225:15)
    at Module._load (node:internal/modules/cjs/loader:1051:27)
    at Module.require (node:internal/modules/cjs/loader:1311:19)
    at require (node:internal/modules/helpers:179:18)
    at Object.<anonymous> (C:\Users\Avrora\Desktop\ITINFO\routes\user.routes.js:12:20)
    at Module._compile (node:internal/modules/cjs/loader:1469:14)
    at Module._extensions..js (node:internal/modules/cjs/loader:1548:10)
    at Module.load (node:internal/modules/cjs/loader:1288:32)
    at Module._load (node:internal/modules/cjs/loader:1104:12)
    at Module.require (node:internal/modules/cjs/loader:1311:19)
2024-12-25T05:43:11.311Z error: uncaughtException: Cannot find module '../polise.middleware/user.police'
Require stack:
- C:\Users\Avrora\Desktop\ITINFO\routes\user.routes.js
- C:\Users\Avrora\Desktop\ITINFO\routes\index.routes.js
- C:\Users\Avrora\Desktop\ITINFO\app.js
Error: Cannot find module '../polise.middleware/user.police'
Require stack:
- C:\Users\Avrora\Desktop\ITINFO\routes\user.routes.js
- C:\Users\Avrora\Desktop\ITINFO\routes\index.routes.js
- C:\Users\Avrora\Desktop\ITINFO\app.js
    at Module._resolveFilename (node:internal/modules/cjs/loader:1225:15)
    at Module._load (node:internal/modules/cjs/loader:1051:27)
    at Module.require (node:internal/modules/cjs/loader:1311:19)
    at require (node:internal/modules/helpers:179:18)
    at Object.<anonymous> (C:\Users\Avrora\Desktop\ITINFO\routes\user.routes.js:12:20)
    at Module._compile (node:internal/modules/cjs/loader:1469:14)
    at Module._extensions..js (node:internal/modules/cjs/loader:1548:10)
    at Module.load (node:internal/modules/cjs/loader:1288:32)
    at Module._load (node:internal/modules/cjs/loader:1104:12)
    at Module.require (node:internal/modules/cjs/loader:1311:19)
2024-12-25T05:43:21.018Z error: uncaughtException: Cannot find module '../polise.middleware/user.police'
Require stack:
- C:\Users\Avrora\Desktop\ITINFO\routes\user.routes.js
- C:\Users\Avrora\Desktop\ITINFO\routes\index.routes.js
- C:\Users\Avrora\Desktop\ITINFO\app.js
Error: Cannot find module '../polise.middleware/user.police'
Require stack:
- C:\Users\Avrora\Desktop\ITINFO\routes\user.routes.js
- C:\Users\Avrora\Desktop\ITINFO\routes\index.routes.js
- C:\Users\Avrora\Desktop\ITINFO\app.js
    at Module._resolveFilename (node:internal/modules/cjs/loader:1225:15)
    at Module._load (node:internal/modules/cjs/loader:1051:27)
    at Module.require (node:internal/modules/cjs/loader:1311:19)
    at require (node:internal/modules/helpers:179:18)
    at Object.<anonymous> (C:\Users\Avrora\Desktop\ITINFO\routes\user.routes.js:12:20)
    at Module._compile (node:internal/modules/cjs/loader:1469:14)
    at Module._extensions..js (node:internal/modules/cjs/loader:1548:10)
    at Module.load (node:internal/modules/cjs/loader:1288:32)
    at Module._load (node:internal/modules/cjs/loader:1104:12)
    at Module.require (node:internal/modules/cjs/loader:1311:19)
2024-12-25T05:43:45.624Z error: uncaughtException: Cannot find module '../polise.middleware/user.police'
Require stack:
- C:\Users\Avrora\Desktop\ITINFO\routes\user.routes.js
- C:\Users\Avrora\Desktop\ITINFO\routes\index.routes.js
- C:\Users\Avrora\Desktop\ITINFO\app.js
Error: Cannot find module '../polise.middleware/user.police'
Require stack:
- C:\Users\Avrora\Desktop\ITINFO\routes\user.routes.js
- C:\Users\Avrora\Desktop\ITINFO\routes\index.routes.js
- C:\Users\Avrora\Desktop\ITINFO\app.js
    at Module._resolveFilename (node:internal/modules/cjs/loader:1225:15)
    at Module._load (node:internal/modules/cjs/loader:1051:27)
    at Module.require (node:internal/modules/cjs/loader:1311:19)
    at require (node:internal/modules/helpers:179:18)
    at Object.<anonymous> (C:\Users\Avrora\Desktop\ITINFO\routes\user.routes.js:12:20)
    at Module._compile (node:internal/modules/cjs/loader:1469:14)
    at Module._extensions..js (node:internal/modules/cjs/loader:1548:10)
    at Module.load (node:internal/modules/cjs/loader:1288:32)
    at Module._load (node:internal/modules/cjs/loader:1104:12)
    at Module.require (node:internal/modules/cjs/loader:1311:19)
2024-12-25T05:44:02.205Z error: uncaughtException: Cannot find module '../polise.middleware/user.police'
Require stack:
- C:\Users\Avrora\Desktop\ITINFO\routes\user.routes.js
- C:\Users\Avrora\Desktop\ITINFO\routes\index.routes.js
- C:\Users\Avrora\Desktop\ITINFO\app.js
Error: Cannot find module '../polise.middleware/user.police'
Require stack:
- C:\Users\Avrora\Desktop\ITINFO\routes\user.routes.js
- C:\Users\Avrora\Desktop\ITINFO\routes\index.routes.js
- C:\Users\Avrora\Desktop\ITINFO\app.js
    at Module._resolveFilename (node:internal/modules/cjs/loader:1225:15)
    at Module._load (node:internal/modules/cjs/loader:1051:27)
    at Module.require (node:internal/modules/cjs/loader:1311:19)
    at require (node:internal/modules/helpers:179:18)
    at Object.<anonymous> (C:\Users\Avrora\Desktop\ITINFO\routes\user.routes.js:12:20)
    at Module._compile (node:internal/modules/cjs/loader:1469:14)
    at Module._extensions..js (node:internal/modules/cjs/loader:1548:10)
    at Module.load (node:internal/modules/cjs/loader:1288:32)
    at Module._load (node:internal/modules/cjs/loader:1104:12)
    at Module.require (node:internal/modules/cjs/loader:1311:19)
2024-12-25T05:45:53.074Z error: uncaughtException: Cannot find module '../polise.middleware/user.police'
Require stack:
- C:\Users\Avrora\Desktop\ITINFO\routes\user.routes.js
- C:\Users\Avrora\Desktop\ITINFO\routes\index.routes.js
- C:\Users\Avrora\Desktop\ITINFO\app.js
Error: Cannot find module '../polise.middleware/user.police'
Require stack:
- C:\Users\Avrora\Desktop\ITINFO\routes\user.routes.js
- C:\Users\Avrora\Desktop\ITINFO\routes\index.routes.js
- C:\Users\Avrora\Desktop\ITINFO\app.js
    at Module._resolveFilename (node:internal/modules/cjs/loader:1225:15)
    at Module._load (node:internal/modules/cjs/loader:1051:27)
    at Module.require (node:internal/modules/cjs/loader:1311:19)
    at require (node:internal/modules/helpers:179:18)
    at Object.<anonymous> (C:\Users\Avrora\Desktop\ITINFO\routes\user.routes.js:12:20)
    at Module._compile (node:internal/modules/cjs/loader:1469:14)
    at Module._extensions..js (node:internal/modules/cjs/loader:1548:10)
    at Module.load (node:internal/modules/cjs/loader:1288:32)
    at Module._load (node:internal/modules/cjs/loader:1104:12)
    at Module.require (node:internal/modules/cjs/loader:1311:19)
2024-12-25T05:51:11.419Z error: uncaughtException: Cannot find module '../polise.middleware/user.police'
Require stack:
- C:\Users\Avrora\Desktop\ITINFO\routes\user.routes.js
- C:\Users\Avrora\Desktop\ITINFO\routes\index.routes.js
- C:\Users\Avrora\Desktop\ITINFO\app.js
Error: Cannot find module '../polise.middleware/user.police'
Require stack:
- C:\Users\Avrora\Desktop\ITINFO\routes\user.routes.js
- C:\Users\Avrora\Desktop\ITINFO\routes\index.routes.js
- C:\Users\Avrora\Desktop\ITINFO\app.js
    at Module._resolveFilename (node:internal/modules/cjs/loader:1225:15)
    at Module._load (node:internal/modules/cjs/loader:1051:27)
    at Module.require (node:internal/modules/cjs/loader:1311:19)
    at require (node:internal/modules/helpers:179:18)
    at Object.<anonymous> (C:\Users\Avrora\Desktop\ITINFO\routes\user.routes.js:12:20)
    at Module._compile (node:internal/modules/cjs/loader:1469:14)
    at Module._extensions..js (node:internal/modules/cjs/loader:1548:10)
    at Module.load (node:internal/modules/cjs/loader:1288:32)
    at Module._load (node:internal/modules/cjs/loader:1104:12)
    at Module.require (node:internal/modules/cjs/loader:1311:19)
2024-12-25T05:51:25.087Z error: uncaughtException: Cannot find module '../polise.middleware/user.police'
Require stack:
- C:\Users\Avrora\Desktop\ITINFO\routes\user.routes.js
- C:\Users\Avrora\Desktop\ITINFO\routes\index.routes.js
- C:\Users\Avrora\Desktop\ITINFO\app.js
Error: Cannot find module '../polise.middleware/user.police'
Require stack:
- C:\Users\Avrora\Desktop\ITINFO\routes\user.routes.js
- C:\Users\Avrora\Desktop\ITINFO\routes\index.routes.js
- C:\Users\Avrora\Desktop\ITINFO\app.js
    at Module._resolveFilename (node:internal/modules/cjs/loader:1225:15)
    at Module._load (node:internal/modules/cjs/loader:1051:27)
    at Module.require (node:internal/modules/cjs/loader:1311:19)
    at require (node:internal/modules/helpers:179:18)
    at Object.<anonymous> (C:\Users\Avrora\Desktop\ITINFO\routes\user.routes.js:12:20)
    at Module._compile (node:internal/modules/cjs/loader:1469:14)
    at Module._extensions..js (node:internal/modules/cjs/loader:1548:10)
    at Module.load (node:internal/modules/cjs/loader:1288:32)
    at Module._load (node:internal/modules/cjs/loader:1104:12)
    at Module.require (node:internal/modules/cjs/loader:1311:19)
2024-12-25T05:52:16.049Z error: uncaughtException: Cannot find module '../polise.middleware/user.police'
Require stack:
- C:\Users\Avrora\Desktop\ITINFO\routes\user.routes.js
- C:\Users\Avrora\Desktop\ITINFO\routes\index.routes.js
- C:\Users\Avrora\Desktop\ITINFO\app.js
Error: Cannot find module '../polise.middleware/user.police'
Require stack:
- C:\Users\Avrora\Desktop\ITINFO\routes\user.routes.js
- C:\Users\Avrora\Desktop\ITINFO\routes\index.routes.js
- C:\Users\Avrora\Desktop\ITINFO\app.js
    at Module._resolveFilename (node:internal/modules/cjs/loader:1225:15)
    at Module._load (node:internal/modules/cjs/loader:1051:27)
    at Module.require (node:internal/modules/cjs/loader:1311:19)
    at require (node:internal/modules/helpers:179:18)
    at Object.<anonymous> (C:\Users\Avrora\Desktop\ITINFO\routes\user.routes.js:12:20)
    at Module._compile (node:internal/modules/cjs/loader:1469:14)
    at Module._extensions..js (node:internal/modules/cjs/loader:1548:10)
    at Module.load (node:internal/modules/cjs/loader:1288:32)
    at Module._load (node:internal/modules/cjs/loader:1104:12)
    at Module.require (node:internal/modules/cjs/loader:1311:19)
2024-12-25T05:54:38.194Z error: uncaughtException: Cannot find module '../polise.middleware/user.police'
Require stack:
- C:\Users\Avrora\Desktop\ITINFO\routes\user.routes.js
- C:\Users\Avrora\Desktop\ITINFO\routes\index.routes.js
- C:\Users\Avrora\Desktop\ITINFO\app.js
Error: Cannot find module '../polise.middleware/user.police'
Require stack:
- C:\Users\Avrora\Desktop\ITINFO\routes\user.routes.js
- C:\Users\Avrora\Desktop\ITINFO\routes\index.routes.js
- C:\Users\Avrora\Desktop\ITINFO\app.js
    at Module._resolveFilename (node:internal/modules/cjs/loader:1225:15)
    at Module._load (node:internal/modules/cjs/loader:1051:27)
    at Module.require (node:internal/modules/cjs/loader:1311:19)
    at require (node:internal/modules/helpers:179:18)
    at Object.<anonymous> (C:\Users\Avrora\Desktop\ITINFO\routes\user.routes.js:12:20)
    at Module._compile (node:internal/modules/cjs/loader:1469:14)
    at Module._extensions..js (node:internal/modules/cjs/loader:1548:10)
    at Module.load (node:internal/modules/cjs/loader:1288:32)
    at Module._load (node:internal/modules/cjs/loader:1104:12)
    at Module.require (node:internal/modules/cjs/loader:1311:19)
2024-12-25T05:56:21.718Z error: uncaughtException: Cannot find module '../polise.middleware/user.police'
Require stack:
- C:\Users\Avrora\Desktop\ITINFO\routes\user.routes.js
- C:\Users\Avrora\Desktop\ITINFO\routes\index.routes.js
- C:\Users\Avrora\Desktop\ITINFO\app.js
Error: Cannot find module '../polise.middleware/user.police'
Require stack:
- C:\Users\Avrora\Desktop\ITINFO\routes\user.routes.js
- C:\Users\Avrora\Desktop\ITINFO\routes\index.routes.js
- C:\Users\Avrora\Desktop\ITINFO\app.js
    at Module._resolveFilename (node:internal/modules/cjs/loader:1225:15)
    at Module._load (node:internal/modules/cjs/loader:1051:27)
    at Module.require (node:internal/modules/cjs/loader:1311:19)
    at require (node:internal/modules/helpers:179:18)
    at Object.<anonymous> (C:\Users\Avrora\Desktop\ITINFO\routes\user.routes.js:12:20)
    at Module._compile (node:internal/modules/cjs/loader:1469:14)
    at Module._extensions..js (node:internal/modules/cjs/loader:1548:10)
    at Module.load (node:internal/modules/cjs/loader:1288:32)
    at Module._load (node:internal/modules/cjs/loader:1104:12)
    at Module.require (node:internal/modules/cjs/loader:1311:19)
2024-12-25T07:11:43.327Z error: uncaughtException: Malformed arrow function parameter list
C:\Users\Avrora\Desktop\ITINFO\routes\view.routes.js:18
router.get("/topics", asyn(req, res) => {
                      ^^^^^^^^^^^^^

SyntaxError: Malformed arrow function parameter list
    at wrapSafe (node:internal/modules/cjs/loader:1378:20)
    at Module._compile (node:internal/modules/cjs/loader:1428:41)
    at Module._extensions..js (node:internal/modules/cjs/loader:1548:10)
    at Module.load (node:internal/modules/cjs/loader:1288:32)
    at Module._load (node:internal/modules/cjs/loader:1104:12)
    at Module.require (node:internal/modules/cjs/loader:1311:19)
    at require (node:internal/modules/helpers:179:18)
    at Object.<anonymous> (C:\Users\Avrora\Desktop\ITINFO\app.js:9:20)
    at Module._compile (node:internal/modules/cjs/loader:1469:14)
    at Module._extensions..js (node:internal/modules/cjs/loader:1548:10)
2024-12-25T07:12:01.488Z error: uncaughtException: Missing initializer in const declaration
C:\Users\Avrora\Desktop\ITINFO\routes\view.routes.js:19
  const topics
        ^^^^^^

SyntaxError: Missing initializer in const declaration
    at wrapSafe (node:internal/modules/cjs/loader:1378:20)
    at Module._compile (node:internal/modules/cjs/loader:1428:41)
    at Module._extensions..js (node:internal/modules/cjs/loader:1548:10)
    at Module.load (node:internal/modules/cjs/loader:1288:32)
    at Module._load (node:internal/modules/cjs/loader:1104:12)
    at Module.require (node:internal/modules/cjs/loader:1311:19)
    at require (node:internal/modules/helpers:179:18)
    at Object.<anonymous> (C:\Users\Avrora\Desktop\ITINFO\app.js:9:20)
    at Module._compile (node:internal/modules/cjs/loader:1469:14)
    at Module._extensions..js (node:internal/modules/cjs/loader:1548:10)
2024-12-25T07:28:49.446Z error: uncaughtException: Identifier 'res' has already been declared
C:\Users\Avrora\Desktop\ITINFO\routes\view.routes.js:21
  res.render(createViewPage("topics", { mavzular }), {
  ^

SyntaxError: Identifier 'res' has already been declared
    at wrapSafe (node:internal/modules/cjs/loader:1378:20)
    at Module._compile (node:internal/modules/cjs/loader:1428:41)
    at Module._extensions..js (node:internal/modules/cjs/loader:1548:10)
    at Module.load (node:internal/modules/cjs/loader:1288:32)
    at Module._load (node:internal/modules/cjs/loader:1104:12)
    at Module.require (node:internal/modules/cjs/loader:1311:19)
    at require (node:internal/modules/helpers:179:18)
    at Object.<anonymous> (C:\Users\Avrora\Desktop\ITINFO\app.js:9:20)
    at Module._compile (node:internal/modules/cjs/loader:1469:14)
    at Module._extensions..js (node:internal/modules/cjs/loader:1548:10)
2024-12-25T07:28:54.302Z error: uncaughtException: Identifier 'mavzular' has already been declared
C:\Users\Avrora\Desktop\ITINFO\routes\view.routes.js:20
  const mavzular
        ^

SyntaxError: Identifier 'mavzular' has already been declared
    at wrapSafe (node:internal/modules/cjs/loader:1378:20)
    at Module._compile (node:internal/modules/cjs/loader:1428:41)
    at Module._extensions..js (node:internal/modules/cjs/loader:1548:10)
    at Module.load (node:internal/modules/cjs/loader:1288:32)
    at Module._load (node:internal/modules/cjs/loader:1104:12)
    at Module.require (node:internal/modules/cjs/loader:1311:19)
    at require (node:internal/modules/helpers:179:18)
    at Object.<anonymous> (C:\Users\Avrora\Desktop\ITINFO\app.js:9:20)
    at Module._compile (node:internal/modules/cjs/loader:1469:14)
    at Module._extensions..js (node:internal/modules/cjs/loader:1548:10)
2024-12-25T07:51:09.335Z error: uncaughtException: Unexpected token '}'
C:\Users\Avrora\Desktop\ITINFO\routes\view.routes.js:21
  res.render(createViewPage("topics", { topics: }), {
                                                ^

SyntaxError: Unexpected token '}'
    at wrapSafe (node:internal/modules/cjs/loader:1378:20)
    at Module._compile (node:internal/modules/cjs/loader:1428:41)
    at Module._extensions..js (node:internal/modules/cjs/loader:1548:10)
    at Module.load (node:internal/modules/cjs/loader:1288:32)
    at Module._load (node:internal/modules/cjs/loader:1104:12)
    at Module.require (node:internal/modules/cjs/loader:1311:19)
    at require (node:internal/modules/helpers:179:18)
    at Object.<anonymous> (C:\Users\Avrora\Desktop\ITINFO\app.js:9:20)
    at Module._compile (node:internal/modules/cjs/loader:1469:14)
    at Module._extensions..js (node:internal/modules/cjs/loader:1548:10)
2024-12-25T08:00:19.585Z error: uncaughtException: Identifier 'router' has already been declared
C:\Users\Avrora\Desktop\ITINFO\routes\view.routes.js:6
router.get("/", (req, res) => {
^

SyntaxError: Identifier 'router' has already been declared
    at wrapSafe (node:internal/modules/cjs/loader:1378:20)
    at Module._compile (node:internal/modules/cjs/loader:1428:41)
    at Module._extensions..js (node:internal/modules/cjs/loader:1548:10)
    at Module.load (node:internal/modules/cjs/loader:1288:32)
    at Module._load (node:internal/modules/cjs/loader:1104:12)
    at Module.require (node:internal/modules/cjs/loader:1311:19)
    at require (node:internal/modules/helpers:179:18)
    at Object.<anonymous> (C:\Users\Avrora\Desktop\ITINFO\app.js:9:20)
    at Module._compile (node:internal/modules/cjs/loader:1469:14)
    at Module._extensions..js (node:internal/modules/cjs/loader:1548:10)
2024-12-25T08:00:31.041Z error: uncaughtException: Cannot find module 'C:\Users\Avrora\Desktop\ITINFO\index.js'. Please verify that the package.json has a valid "main" entry
Error: Cannot find module 'C:\Users\Avrora\Desktop\ITINFO\index.js'. Please verify that the package.json has a valid "main" entry
    at tryPackage (node:internal/modules/cjs/loader:487:19)
    at Module._findPath (node:internal/modules/cjs/loader:771:18)
    at Module._resolveFilename (node:internal/modules/cjs/loader:1211:27)
    at Module._load (node:internal/modules/cjs/loader:1051:27)
    at Module.require (node:internal/modules/cjs/loader:1311:19)
    at require (node:internal/modules/helpers:179:18)
    at Object.<anonymous> (C:\Users\Avrora\Desktop\ITINFO\routes\view.routes.js:4:13)
    at Module._compile (node:internal/modules/cjs/loader:1469:14)
    at Module._extensions..js (node:internal/modules/cjs/loader:1548:10)
    at Module.load (node:internal/modules/cjs/loader:1288:32)
2024-12-25T08:00:39.975Z error: uncaughtException: Cannot find module '../schemas/'
Require stack:
- C:\Users\Avrora\Desktop\ITINFO\routes\view.routes.js
- C:\Users\Avrora\Desktop\ITINFO\app.js
Error: Cannot find module '../schemas/'
Require stack:
- C:\Users\Avrora\Desktop\ITINFO\routes\view.routes.js
- C:\Users\Avrora\Desktop\ITINFO\app.js
    at Module._resolveFilename (node:internal/modules/cjs/loader:1225:15)
    at Module._load (node:internal/modules/cjs/loader:1051:27)
    at Module.require (node:internal/modules/cjs/loader:1311:19)
    at require (node:internal/modules/helpers:179:18)
    at Object.<anonymous> (C:\Users\Avrora\Desktop\ITINFO\routes\view.routes.js:4:13)
    at Module._compile (node:internal/modules/cjs/loader:1469:14)
    at Module._extensions..js (node:internal/modules/cjs/loader:1548:10)
    at Module.load (node:internal/modules/cjs/loader:1288:32)
    at Module._load (node:internal/modules/cjs/loader:1104:12)
    at Module.require (node:internal/modules/cjs/loader:1311:19)
2024-12-25T08:01:04.579Z error: uncaughtException: Unexpected identifier 'topics'
C:\Users\Avrora\Desktop\ITINFO\routes\view.routes.js:21
  const topics = await mavzular.json();
        ^^^^^^

SyntaxError: Unexpected identifier 'topics'
    at wrapSafe (node:internal/modules/cjs/loader:1378:20)
    at Module._compile (node:internal/modules/cjs/loader:1428:41)
    at Module._extensions..js (node:internal/modules/cjs/loader:1548:10)
    at Module.load (node:internal/modules/cjs/loader:1288:32)
    at Module._load (node:internal/modules/cjs/loader:1104:12)
    at Module.require (node:internal/modules/cjs/loader:1311:19)
    at require (node:internal/modules/helpers:179:18)
    at Object.<anonymous> (C:\Users\Avrora\Desktop\ITINFO\app.js:9:20)
    at Module._compile (node:internal/modules/cjs/loader:1469:14)
    at Module._extensions..js (node:internal/modules/cjs/loader:1548:10)
2024-12-25T08:20:01.648Z error: uncaughtException: Identifier 'res' has already been declared
C:\Users\Avrora\Desktop\ITINFO\routes\view.routes.js:22
  res.render(createViewPage("topics"), {
  ^

SyntaxError: Identifier 'res' has already been declared
    at wrapSafe (node:internal/modules/cjs/loader:1378:20)
    at Module._compile (node:internal/modules/cjs/loader:1428:41)
    at Module._extensions..js (node:internal/modules/cjs/loader:1548:10)
    at Module.load (node:internal/modules/cjs/loader:1288:32)
    at Module._load (node:internal/modules/cjs/loader:1104:12)
    at Module.require (node:internal/modules/cjs/loader:1311:19)
    at require (node:internal/modules/helpers:179:18)
    at Object.<anonymous> (C:\Users\Avrora\Desktop\ITINFO\app.js:9:20)
    at Module._compile (node:internal/modules/cjs/loader:1469:14)
    at Module._extensions..js (node:internal/modules/cjs/loader:1548:10)
2024-12-25T08:34:29.499Z error: uncaughtException: await is only valid in async functions and the top level bodies of modules
C:\Users\Avrora\Desktop\ITINFO\routes\view.routes.js:13
   const mavzular = await fetch("http://localhost:3030/api/topic/all");
                    ^^^^^

SyntaxError: await is only valid in async functions and the top level bodies of modules
    at wrapSafe (node:internal/modules/cjs/loader:1378:20)
    at Module._compile (node:internal/modules/cjs/loader:1428:41)
    at Module._extensions..js (node:internal/modules/cjs/loader:1548:10)
    at Module.load (node:internal/modules/cjs/loader:1288:32)
    at Module._load (node:internal/modules/cjs/loader:1104:12)
    at Module.require (node:internal/modules/cjs/loader:1311:19)
    at require (node:internal/modules/helpers:179:18)
    at Object.<anonymous> (C:\Users\Avrora\Desktop\ITINFO\app.js:9:20)
    at Module._compile (node:internal/modules/cjs/loader:1469:14)
    at Module._extensions..js (node:internal/modules/cjs/loader:1548:10)
2024-12-25T08:34:35.819Z error: uncaughtException: await is only valid in async functions and the top level bodies of modules
C:\Users\Avrora\Desktop\ITINFO\routes\view.routes.js:13
   const dicts = await fetch("http://localhost:3030/api/topic/all");
                 ^^^^^

SyntaxError: await is only valid in async functions and the top level bodies of modules
    at wrapSafe (node:internal/modules/cjs/loader:1378:20)
    at Module._compile (node:internal/modules/cjs/loader:1428:41)
    at Module._extensions..js (node:internal/modules/cjs/loader:1548:10)
    at Module.load (node:internal/modules/cjs/loader:1288:32)
    at Module._load (node:internal/modules/cjs/loader:1104:12)
    at Module.require (node:internal/modules/cjs/loader:1311:19)
    at require (node:internal/modules/helpers:179:18)
    at Object.<anonymous> (C:\Users\Avrora\Desktop\ITINFO\app.js:9:20)
    at Module._compile (node:internal/modules/cjs/loader:1469:14)
    at Module._extensions..js (node:internal/modules/cjs/loader:1548:10)
2024-12-25T08:34:45.634Z error: uncaughtException: await is only valid in async functions and the top level bodies of modules
C:\Users\Avrora\Desktop\ITINFO\routes\view.routes.js:13
   const dicts = await fetch("http://localhost:3030/api/topic/all");
                 ^^^^^

SyntaxError: await is only valid in async functions and the top level bodies of modules
    at wrapSafe (node:internal/modules/cjs/loader:1378:20)
    at Module._compile (node:internal/modules/cjs/loader:1428:41)
    at Module._extensions..js (node:internal/modules/cjs/loader:1548:10)
    at Module.load (node:internal/modules/cjs/loader:1288:32)
    at Module._load (node:internal/modules/cjs/loader:1104:12)
    at Module.require (node:internal/modules/cjs/loader:1311:19)
    at require (node:internal/modules/helpers:179:18)
    at Object.<anonymous> (C:\Users\Avrora\Desktop\ITINFO\app.js:9:20)
    at Module._compile (node:internal/modules/cjs/loader:1469:14)
    at Module._extensions..js (node:internal/modules/cjs/loader:1548:10)
2024-12-25T08:34:54.025Z error: uncaughtException: await is only valid in async functions and the top level bodies of modules
C:\Users\Avrora\Desktop\ITINFO\routes\view.routes.js:13
   const lugatlar = await fetch("http://localhost:3030/api/topic/all");
                    ^^^^^

SyntaxError: await is only valid in async functions and the top level bodies of modules
    at wrapSafe (node:internal/modules/cjs/loader:1378:20)
    at Module._compile (node:internal/modules/cjs/loader:1428:41)
    at Module._extensions..js (node:internal/modules/cjs/loader:1548:10)
    at Module.load (node:internal/modules/cjs/loader:1288:32)
    at Module._load (node:internal/modules/cjs/loader:1104:12)
    at Module.require (node:internal/modules/cjs/loader:1311:19)
    at require (node:internal/modules/helpers:179:18)
    at Object.<anonymous> (C:\Users\Avrora\Desktop\ITINFO\app.js:9:20)
    at Module._compile (node:internal/modules/cjs/loader:1469:14)
    at Module._extensions..js (node:internal/modules/cjs/loader:1548:10)
2024-12-25T08:34:58.469Z error: uncaughtException: await is only valid in async functions and the top level bodies of modules
C:\Users\Avrora\Desktop\ITINFO\routes\view.routes.js:13
   const lugatlar = await fetch("http://localhost:3030/api/topic/all");
                    ^^^^^

SyntaxError: await is only valid in async functions and the top level bodies of modules
    at wrapSafe (node:internal/modules/cjs/loader:1378:20)
    at Module._compile (node:internal/modules/cjs/loader:1428:41)
    at Module._extensions..js (node:internal/modules/cjs/loader:1548:10)
    at Module.load (node:internal/modules/cjs/loader:1288:32)
    at Module._load (node:internal/modules/cjs/loader:1104:12)
    at Module.require (node:internal/modules/cjs/loader:1311:19)
    at require (node:internal/modules/helpers:179:18)
    at Object.<anonymous> (C:\Users\Avrora\Desktop\ITINFO\app.js:9:20)
    at Module._compile (node:internal/modules/cjs/loader:1469:14)
    at Module._extensions..js (node:internal/modules/cjs/loader:1548:10)
2024-12-25T08:35:07.744Z error: uncaughtException: await is only valid in async functions and the top level bodies of modules
C:\Users\Avrora\Desktop\ITINFO\routes\view.routes.js:13
   const lugatlar = await fetch("http://localhost:3030/api/topic/all");
                    ^^^^^

SyntaxError: await is only valid in async functions and the top level bodies of modules
    at wrapSafe (node:internal/modules/cjs/loader:1378:20)
    at Module._compile (node:internal/modules/cjs/loader:1428:41)
    at Module._extensions..js (node:internal/modules/cjs/loader:1548:10)
    at Module.load (node:internal/modules/cjs/loader:1288:32)
    at Module._load (node:internal/modules/cjs/loader:1104:12)
    at Module.require (node:internal/modules/cjs/loader:1311:19)
    at require (node:internal/modules/helpers:179:18)
    at Object.<anonymous> (C:\Users\Avrora\Desktop\ITINFO\app.js:9:20)
    at Module._compile (node:internal/modules/cjs/loader:1469:14)
    at Module._extensions..js (node:internal/modules/cjs/loader:1548:10)
2024-12-25T08:36:14.240Z error: uncaughtException: await is only valid in async functions and the top level bodies of modules
C:\Users\Avrora\Desktop\ITINFO\routes\view.routes.js:31
  const mavzular = await fetch("http://localhost:3030/api/topic/all");
                   ^^^^^

SyntaxError: await is only valid in async functions and the top level bodies of modules
    at wrapSafe (node:internal/modules/cjs/loader:1378:20)
    at Module._compile (node:internal/modules/cjs/loader:1428:41)
    at Module._extensions..js (node:internal/modules/cjs/loader:1548:10)
    at Module.load (node:internal/modules/cjs/loader:1288:32)
    at Module._load (node:internal/modules/cjs/loader:1104:12)
    at Module.require (node:internal/modules/cjs/loader:1311:19)
    at require (node:internal/modules/helpers:179:18)
    at Object.<anonymous> (C:\Users\Avrora\Desktop\ITINFO\app.js:9:20)
    at Module._compile (node:internal/modules/cjs/loader:1469:14)
    at Module._extensions..js (node:internal/modules/cjs/loader:1548:10)
2024-12-25T08:36:19.190Z error: uncaughtException: await is only valid in async functions and the top level bodies of modules
C:\Users\Avrora\Desktop\ITINFO\routes\view.routes.js:31
  const avtorlar = await fetch("http://localhost:3030/api/topic/all");
                   ^^^^^

SyntaxError: await is only valid in async functions and the top level bodies of modules
    at wrapSafe (node:internal/modules/cjs/loader:1378:20)
    at Module._compile (node:internal/modules/cjs/loader:1428:41)
    at Module._extensions..js (node:internal/modules/cjs/loader:1548:10)
    at Module.load (node:internal/modules/cjs/loader:1288:32)
    at Module._load (node:internal/modules/cjs/loader:1104:12)
    at Module.require (node:internal/modules/cjs/loader:1311:19)
    at require (node:internal/modules/helpers:179:18)
    at Object.<anonymous> (C:\Users\Avrora\Desktop\ITINFO\app.js:9:20)
    at Module._compile (node:internal/modules/cjs/loader:1469:14)
    at Module._extensions..js (node:internal/modules/cjs/loader:1548:10)
2024-12-25T08:36:23.921Z error: uncaughtException: await is only valid in async functions and the top level bodies of modules
C:\Users\Avrora\Desktop\ITINFO\routes\view.routes.js:31
  const avtorlar = await fetch("http://localhost:3030/api/topic/all");
                   ^^^^^

SyntaxError: await is only valid in async functions and the top level bodies of modules
    at wrapSafe (node:internal/modules/cjs/loader:1378:20)
    at Module._compile (node:internal/modules/cjs/loader:1428:41)
    at Module._extensions..js (node:internal/modules/cjs/loader:1548:10)
    at Module.load (node:internal/modules/cjs/loader:1288:32)
    at Module._load (node:internal/modules/cjs/loader:1104:12)
    at Module.require (node:internal/modules/cjs/loader:1311:19)
    at require (node:internal/modules/helpers:179:18)
    at Object.<anonymous> (C:\Users\Avrora\Desktop\ITINFO\app.js:9:20)
    at Module._compile (node:internal/modules/cjs/loader:1469:14)
    at Module._extensions..js (node:internal/modules/cjs/loader:1548:10)
2024-12-25T08:36:28.693Z error: uncaughtException: await is only valid in async functions and the top level bodies of modules
C:\Users\Avrora\Desktop\ITINFO\routes\view.routes.js:31
  const avtorlar = await fetch("http://localhost:3030/api/topic/all");
                   ^^^^^

SyntaxError: await is only valid in async functions and the top level bodies of modules
    at wrapSafe (node:internal/modules/cjs/loader:1378:20)
    at Module._compile (node:internal/modules/cjs/loader:1428:41)
    at Module._extensions..js (node:internal/modules/cjs/loader:1548:10)
    at Module.load (node:internal/modules/cjs/loader:1288:32)
    at Module._load (node:internal/modules/cjs/loader:1104:12)
    at Module.require (node:internal/modules/cjs/loader:1311:19)
    at require (node:internal/modules/helpers:179:18)
    at Object.<anonymous> (C:\Users\Avrora\Desktop\ITINFO\app.js:9:20)
    at Module._compile (node:internal/modules/cjs/loader:1469:14)
    at Module._extensions..js (node:internal/modules/cjs/loader:1548:10)
2024-12-25T08:36:34.107Z error: uncaughtException: await is only valid in async functions and the top level bodies of modules
C:\Users\Avrora\Desktop\ITINFO\routes\view.routes.js:31
  const avtorlar = await fetch("http://localhost:3030/api/topic/all");
                   ^^^^^

SyntaxError: await is only valid in async functions and the top level bodies of modules
    at wrapSafe (node:internal/modules/cjs/loader:1378:20)
    at Module._compile (node:internal/modules/cjs/loader:1428:41)
    at Module._extensions..js (node:internal/modules/cjs/loader:1548:10)
    at Module.load (node:internal/modules/cjs/loader:1288:32)
    at Module._load (node:internal/modules/cjs/loader:1104:12)
    at Module.require (node:internal/modules/cjs/loader:1311:19)
    at require (node:internal/modules/helpers:179:18)
    at Object.<anonymous> (C:\Users\Avrora\Desktop\ITINFO\app.js:9:20)
    at Module._compile (node:internal/modules/cjs/loader:1469:14)
    at Module._extensions..js (node:internal/modules/cjs/loader:1548:10)
2024-12-25T08:36:39.846Z error: uncaughtException: await is only valid in async functions and the top level bodies of modules
C:\Users\Avrora\Desktop\ITINFO\routes\view.routes.js:31
  const avtorlar = await fetch("http://localhost:3030/api/author/all");
                   ^^^^^

SyntaxError: await is only valid in async functions and the top level bodies of modules
    at wrapSafe (node:internal/modules/cjs/loader:1378:20)
    at Module._compile (node:internal/modules/cjs/loader:1428:41)
    at Module._extensions..js (node:internal/modules/cjs/loader:1548:10)
    at Module.load (node:internal/modules/cjs/loader:1288:32)
    at Module._load (node:internal/modules/cjs/loader:1104:12)
    at Module.require (node:internal/modules/cjs/loader:1311:19)
    at require (node:internal/modules/helpers:179:18)
    at Object.<anonymous> (C:\Users\Avrora\Desktop\ITINFO\app.js:9:20)
    at Module._compile (node:internal/modules/cjs/loader:1469:14)
    at Module._extensions..js (node:internal/modules/cjs/loader:1548:10)
2024-12-25T20:24:32.508Z error: uncaughtException: Unexpected token ')'
C:\Users\Avrora\Desktop\ITINFO\polise.middleware\admin_self.guard.js:4
    if (id !== req.admin.) {
                         ^

SyntaxError: Unexpected token ')'
    at wrapSafe (node:internal/modules/cjs/loader:1378:20)
    at Module._compile (node:internal/modules/cjs/loader:1428:41)
    at Module._extensions..js (node:internal/modules/cjs/loader:1548:10)
    at Module.load (node:internal/modules/cjs/loader:1288:32)
    at Module._load (node:internal/modules/cjs/loader:1104:12)
    at Module.require (node:internal/modules/cjs/loader:1311:19)
    at require (node:internal/modules/helpers:179:18)
    at Object.<anonymous> (C:\Users\Avrora\Desktop\ITINFO\routes\admin.routes.js:13:25)
    at Module._compile (node:internal/modules/cjs/loader:1469:14)
    at Module._extensions..js (node:internal/modules/cjs/loader:1548:10)
2024-12-25T21:02:10.760Z error: uncaughtException: Unexpected token '!=='
C:\Users\Avrora\Desktop\ITINFO\polise.middleware\admin_self.guard.js:3
    if (!== req.admin.is_creator) {
        ^^^

SyntaxError: Unexpected token '!=='
    at wrapSafe (node:internal/modules/cjs/loader:1378:20)
    at Module._compile (node:internal/modules/cjs/loader:1428:41)
    at Module._extensions..js (node:internal/modules/cjs/loader:1548:10)
    at Module.load (node:internal/modules/cjs/loader:1288:32)
    at Module._load (node:internal/modules/cjs/loader:1104:12)
    at Module.require (node:internal/modules/cjs/loader:1311:19)
    at require (node:internal/modules/helpers:179:18)
    at Object.<anonymous> (C:\Users\Avrora\Desktop\ITINFO\routes\admin.routes.js:13:25)
    at Module._compile (node:internal/modules/cjs/loader:1469:14)
    at Module._extensions..js (node:internal/modules/cjs/loader:1548:10)
2024-12-25T21:20:33.440Z error: uncaughtException: Route.get() requires a callback function but got a [object Undefined]
Error: Route.get() requires a callback function but got a [object Undefined]
    at Route.<computed> [as get] (C:\Users\Avrora\Desktop\ITINFO\node_modules\express\lib\router\route.js:216:15)
    at proto.<computed> [as get] (C:\Users\Avrora\Desktop\ITINFO\node_modules\express\lib\router\index.js:521:19)
    at Object.<anonymous> (C:\Users\Avrora\Desktop\ITINFO\routes\admin.routes.js:17:8)
    at Module._compile (node:internal/modules/cjs/loader:1469:14)
    at Module._extensions..js (node:internal/modules/cjs/loader:1548:10)
    at Module.load (node:internal/modules/cjs/loader:1288:32)
    at Module._load (node:internal/modules/cjs/loader:1104:12)
    at Module.require (node:internal/modules/cjs/loader:1311:19)
    at require (node:internal/modules/helpers:179:18)
    at Object.<anonymous> (C:\Users\Avrora\Desktop\ITINFO\routes\index.routes.js:13:20)
2024-12-25T21:28:38.115Z error: uncaughtException: Unexpected token '}'
C:\Users\Avrora\Desktop\ITINFO\polise.middleware\admin_self.guard.js:7
    }
    ^

SyntaxError: Unexpected token '}'
    at wrapSafe (node:internal/modules/cjs/loader:1378:20)
    at Module._compile (node:internal/modules/cjs/loader:1428:41)
    at Module._extensions..js (node:internal/modules/cjs/loader:1548:10)
    at Module.load (node:internal/modules/cjs/loader:1288:32)
    at Module._load (node:internal/modules/cjs/loader:1104:12)
    at Module.require (node:internal/modules/cjs/loader:1311:19)
    at require (node:internal/modules/helpers:179:18)
    at Object.<anonymous> (C:\Users\Avrora\Desktop\ITINFO\routes\admin.routes.js:13:25)
    at Module._compile (node:internal/modules/cjs/loader:1469:14)
    at Module._extensions..js (node:internal/modules/cjs/loader:1548:10)
2024-12-25T21:40:03.575Z error: uncaughtException: Unexpected token '}'
C:\Users\Avrora\Desktop\ITINFO\polise.middleware\admin_self.guard.js:8
      });
      ^

SyntaxError: Unexpected token '}'
    at wrapSafe (node:internal/modules/cjs/loader:1378:20)
    at Module._compile (node:internal/modules/cjs/loader:1428:41)
    at Module._extensions..js (node:internal/modules/cjs/loader:1548:10)
    at Module.load (node:internal/modules/cjs/loader:1288:32)
    at Module._load (node:internal/modules/cjs/loader:1104:12)
    at Module.require (node:internal/modules/cjs/loader:1311:19)
    at require (node:internal/modules/helpers:179:18)
    at Object.<anonymous> (C:\Users\Avrora\Desktop\ITINFO\routes\admin.routes.js:13:25)
    at Module._compile (node:internal/modules/cjs/loader:1469:14)
    at Module._extensions..js (node:internal/modules/cjs/loader:1548:10)
2024-12-26T12:16:01.885Z error: uncaughtException: Unexpected identifier 'match'
C:\Users\Avrora\Desktop\ITINFO\schemas\admin.js:11
      match: [
      ^^^^^

SyntaxError: Unexpected identifier 'match'
    at wrapSafe (node:internal/modules/cjs/loader:1378:20)
    at Module._compile (node:internal/modules/cjs/loader:1428:41)
    at Module._extensions..js (node:internal/modules/cjs/loader:1548:10)
    at Module.load (node:internal/modules/cjs/loader:1288:32)
    at Module._load (node:internal/modules/cjs/loader:1104:12)
    at Module.require (node:internal/modules/cjs/loader:1311:19)
    at require (node:internal/modules/helpers:179:18)
    at Object.<anonymous> (C:\Users\Avrora\Desktop\ITINFO\controllers\admin.controller.js:2:15)
    at Module._compile (node:internal/modules/cjs/loader:1469:14)
    at Module._extensions..js (node:internal/modules/cjs/loader:1548:10)
2024-12-26T13:00:44.695Z error: uncaughtException: Unexpected identifier 'res'
C:\Users\Avrora\Desktop\ITINFO\polise.middleware\admin_self.guard.js:8
    ret  res.render(createViewPage("unAuthorized"),{
         ^^^

SyntaxError: Unexpected identifier 'res'
    at wrapSafe (node:internal/modules/cjs/loader:1378:20)
    at Module._compile (node:internal/modules/cjs/loader:1428:41)
    at Module._extensions..js (node:internal/modules/cjs/loader:1548:10)
    at Module.load (node:internal/modules/cjs/loader:1288:32)
    at Module._load (node:internal/modules/cjs/loader:1104:12)
    at Module.require (node:internal/modules/cjs/loader:1311:19)
    at require (node:internal/modules/helpers:179:18)
    at Object.<anonymous> (C:\Users\Avrora\Desktop\ITINFO\routes\admin.routes.js:13:25)
    at Module._compile (node:internal/modules/cjs/loader:1469:14)
    at Module._extensions..js (node:internal/modules/cjs/loader:1548:10)
